This is pdfTeX, Version 3.14159265-2.6-1.40.20 (TeX Live 2019/W32TeX) (preloaded format=pdflatex 2019.5.21)  27 MAY 2019 05:57
entering extended mode
 restricted \write18 enabled.
 file:line:error style messages enabled.
 %&-line parsing enabled.
**c:/Users/沈子衿/iCloudDrive/Documents/大三下/数据挖掘导论/DataMiningAssignment/hw2/hw2_report/hw2_report.tex
(c:/Users/沈子衿/iCloudDrive/Documents/大三下/数据挖掘导论/DataMiningAssignment/hw2/hw2_report/hw2_report.tex
LaTeX2e <2018-12-01>
(d:/texlive/2019/texmf-dist/tex/latex/base/article.cls
Document Class: article 2018/09/03 v1.4i Standard LaTeX document class
(d:/texlive/2019/texmf-dist/tex/latex/base/size12.clo
File: size12.clo 2018/09/03 v1.4i Standard LaTeX file (size option)
)
\c@part=\count80
\c@section=\count81
\c@subsection=\count82
\c@subsubsection=\count83
\c@paragraph=\count84
\c@subparagraph=\count85
\c@figure=\count86
\c@table=\count87
\abovecaptionskip=\skip41
\belowcaptionskip=\skip42
\bibindent=\dimen102
) (c:/Users/沈子衿/iCloudDrive/Documents/大三下/数据挖掘导论/DataMiningAssignment/hw2/hw2_report/macros.tex (d:/texlive/2019/texmf-dist/tex/latex/base/latexsym.sty
Package: latexsym 1998/08/17 v2.2e Standard LaTeX package (lasy symbols)
\symlasy=\mathgroup4
LaTeX Font Info:    Overwriting symbol font `lasy' in version `bold'
(Font)                  U/lasy/m/n --> U/lasy/b/n on input line 52.
) (d:/texlive/2019/texmf-dist/tex/latex/psnfss/times.sty
Package: times 2005/04/12 PSNFSS-v9.2a (SPQR) 
) (d:/texlive/2019/texmf-dist/tex/latex/url/url.sty
\Urlmuskip=\muskip10
Package: url 2013/09/16  ver 3.4  Verb mode for urls, etc.
) (d:/texlive/2019/texmf-dist/tex/latex/clrscode3e/clrscode3e.sty
Package: clrscode3e 
 (d:/texlive/2019/texmf-dist/tex/latex/graphics/graphics.sty
Package: graphics 2017/06/25 v1.2c Standard LaTeX Graphics (DPC,SPQR)
 (d:/texlive/2019/texmf-dist/tex/latex/graphics/trig.sty
Package: trig 2016/01/03 v1.10 sin cos tan (DPC)
) (d:/texlive/2019/texmf-dist/tex/latex/graphics-cfg/graphics.cfg
File: graphics.cfg 2016/06/04 v1.11 sample graphics configuration
)
Package graphics Info: Driver file: pdftex.def on input line 99.
 (d:/texlive/2019/texmf-dist/tex/latex/graphics-def/pdftex.def
File: pdftex.def 2018/01/08 v1.0l Graphics/color driver for pdftex
))
\c@codelinenumber=\count88
\c@indent=\count89
\digitwidth=\skip43
\savecode=\box27
\codeboxwidth=\skip44
\c@thisindent=\count90
)
\toppush=\skip45
\pointcount=\count91
\c@problemnum=\count92
\c@problempartnum=\count93
\c@exercisenum=\count94
\c@exercisepartnum=\count95
\c@totalcaptions=\count96
\c@totalart=\count97
\halffigspace=\skip46
\wholefigspace=\skip47
\figruleheight=\skip48
\figgap=\skip49
\widefigspacewidth=\skip50
\macfigfill=\skip51
\bbx=\skip52
\bby=\skip53
\savearraycolsep=\skip54
\c@theorem=\count98
\c@xample=\count99
\c@definition=\count100
\c@handouts=\count101
) (d:/texlive/2019/texmf-dist/tex/latex/amsmath/amsmath.sty
Package: amsmath 2018/12/01 v2.17b AMS math features
\@mathmargin=\skip55

For additional information on amsmath, use the `?' option.
(d:/texlive/2019/texmf-dist/tex/latex/amsmath/amstext.sty
Package: amstext 2000/06/29 v2.01 AMS text
 (d:/texlive/2019/texmf-dist/tex/latex/amsmath/amsgen.sty
File: amsgen.sty 1999/11/30 v2.0 generic functions
\@emptytoks=\toks14
\ex@=\dimen103
)) (d:/texlive/2019/texmf-dist/tex/latex/amsmath/amsbsy.sty
Package: amsbsy 1999/11/29 v1.2d Bold Symbols
\pmbraise@=\dimen104
) (d:/texlive/2019/texmf-dist/tex/latex/amsmath/amsopn.sty
Package: amsopn 2016/03/08 v2.02 operator names
)
\inf@bad=\count102
LaTeX Info: Redefining \frac on input line 223.
\uproot@=\count103
\leftroot@=\count104
LaTeX Info: Redefining \overline on input line 385.
\classnum@=\count105
\DOTSCASE@=\count106
LaTeX Info: Redefining \ldots on input line 482.
LaTeX Info: Redefining \dots on input line 485.
LaTeX Info: Redefining \cdots on input line 606.
\Mathstrutbox@=\box28
\strutbox@=\box29
\big@size=\dimen105
LaTeX Font Info:    Redeclaring font encoding OML on input line 729.
LaTeX Font Info:    Redeclaring font encoding OMS on input line 730.
\macc@depth=\count107
\c@MaxMatrixCols=\count108
\dotsspace@=\muskip11
\c@parentequation=\count109
\dspbrk@lvl=\count110
\tag@help=\toks15
\row@=\count111
\column@=\count112
\maxfields@=\count113
\andhelp@=\toks16
\eqnshift@=\dimen106
\alignsep@=\dimen107
\tagshift@=\dimen108
\tagwidth@=\dimen109
\totwidth@=\dimen110
\lineht@=\dimen111
\@envbody=\toks17
\multlinegap=\skip56
\multlinetaggap=\skip57
\mathdisplay@stack=\toks18
LaTeX Info: Redefining \[ on input line 2844.
LaTeX Info: Redefining \] on input line 2845.
) (d:/texlive/2019/texmf-dist/tex/latex/mdwtools/mdwlist.sty
Package: mdwlist 1996/05/02 1.1 Various list-related things
) (d:/texlive/2019/texmf-dist/tex/latex/graphics/graphicx.sty
Package: graphicx 2017/06/01 v1.1a Enhanced LaTeX Graphics (DPC,SPQR)
 (d:/texlive/2019/texmf-dist/tex/latex/graphics/keyval.sty
Package: keyval 2014/10/28 v1.15 key=value parser (DPC)
\KV@toks@=\toks19
)
\Gin@req@height=\dimen112
\Gin@req@width=\dimen113
) (d:/texlive/2019/texmf-dist/tex/latex/listings/listings.sty
\lst@mode=\count114
\lst@gtempboxa=\box30
\lst@token=\toks20
\lst@length=\count115
\lst@currlwidth=\dimen114
\lst@column=\count116
\lst@pos=\count117
\lst@lostspace=\dimen115
\lst@width=\dimen116
\lst@newlines=\count118
\lst@lineno=\count119
\lst@maxwidth=\dimen117
 (d:/texlive/2019/texmf-dist/tex/latex/listings/lstmisc.sty
File: lstmisc.sty 2019/02/27 1.8b (Carsten Heinz)
\c@lstnumber=\count120
\lst@skipnumbers=\count121
\lst@framebox=\box31
) (d:/texlive/2019/texmf-dist/tex/latex/listings/listings.cfg
File: listings.cfg 2019/02/27 1.8b listings configuration
))
Package: listings 2019/02/27 1.8b (Carsten Heinz)
 (d:/texlive/2019/texmf-dist/tex/latex/pgf/frontendlayer/tikz.sty (d:/texlive/2019/texmf-dist/tex/latex/pgf/basiclayer/pgf.sty (d:/texlive/2019/texmf-dist/tex/latex/pgf/utilities/pgfrcs.sty (d:/texlive/2019/texmf-dist/tex/generic/pgf/utilities/pgfutil-common.tex
\pgfutil@everybye=\toks21
\pgfutil@tempdima=\dimen118
\pgfutil@tempdimb=\dimen119
 (d:/texlive/2019/texmf-dist/tex/generic/pgf/utilities/pgfutil-common-lists.tex)) (d:/texlive/2019/texmf-dist/tex/generic/pgf/utilities/pgfutil-latex.def
\pgfutil@abb=\box32
 (d:/texlive/2019/texmf-dist/tex/latex/ms/everyshi.sty
Package: everyshi 2001/05/15 v3.00 EveryShipout Package (MS)
)) (d:/texlive/2019/texmf-dist/tex/generic/pgf/utilities/pgfrcs.code.tex (d:/texlive/2019/texmf-dist/tex/generic/pgf/pgf.revision.tex)
Package: pgfrcs 2019/02/02 v3.1.1 (3.1.1)
))
Package: pgf 2019/02/02 v3.1.1 (3.1.1)
 (d:/texlive/2019/texmf-dist/tex/latex/pgf/basiclayer/pgfcore.sty (d:/texlive/2019/texmf-dist/tex/latex/pgf/systemlayer/pgfsys.sty (d:/texlive/2019/texmf-dist/tex/generic/pgf/systemlayer/pgfsys.code.tex
Package: pgfsys 2019/02/02 v3.1.1 (3.1.1)
 (d:/texlive/2019/texmf-dist/tex/generic/pgf/utilities/pgfkeys.code.tex
\pgfkeys@pathtoks=\toks22
\pgfkeys@temptoks=\toks23
 (d:/texlive/2019/texmf-dist/tex/generic/pgf/utilities/pgfkeysfiltered.code.tex
\pgfkeys@tmptoks=\toks24
))
\pgf@x=\dimen120
\pgf@y=\dimen121
\pgf@xa=\dimen122
\pgf@ya=\dimen123
\pgf@xb=\dimen124
\pgf@yb=\dimen125
\pgf@xc=\dimen126
\pgf@yc=\dimen127
\w@pgf@writea=\write3
\r@pgf@reada=\read1
\c@pgf@counta=\count122
\c@pgf@countb=\count123
\c@pgf@countc=\count124
\c@pgf@countd=\count125
\t@pgf@toka=\toks25
\t@pgf@tokb=\toks26
\t@pgf@tokc=\toks27
\pgf@sys@id@count=\count126
 (d:/texlive/2019/texmf-dist/tex/generic/pgf/systemlayer/pgf.cfg
File: pgf.cfg 2019/02/02 v3.1.1 (3.1.1)
)
Driver file for pgf: pgfsys-pdftex.def
 (d:/texlive/2019/texmf-dist/tex/generic/pgf/systemlayer/pgfsys-pdftex.def
File: pgfsys-pdftex.def 2019/02/02 v3.1.1 (3.1.1)
 (d:/texlive/2019/texmf-dist/tex/generic/pgf/systemlayer/pgfsys-common-pdf.def
File: pgfsys-common-pdf.def 2019/02/02 v3.1.1 (3.1.1)
))) (d:/texlive/2019/texmf-dist/tex/generic/pgf/systemlayer/pgfsyssoftpath.code.tex
File: pgfsyssoftpath.code.tex 2019/02/02 v3.1.1 (3.1.1)
\pgfsyssoftpath@smallbuffer@items=\count127
\pgfsyssoftpath@bigbuffer@items=\count128
) (d:/texlive/2019/texmf-dist/tex/generic/pgf/systemlayer/pgfsysprotocol.code.tex
File: pgfsysprotocol.code.tex 2019/02/02 v3.1.1 (3.1.1)
)) (d:/texlive/2019/texmf-dist/tex/latex/xcolor/xcolor.sty
Package: xcolor 2016/05/11 v2.12 LaTeX color extensions (UK)
 (d:/texlive/2019/texmf-dist/tex/latex/graphics-cfg/color.cfg
File: color.cfg 2016/01/02 v1.6 sample color configuration
)
Package xcolor Info: Driver file: pdftex.def on input line 225.
Package xcolor Info: Model `cmy' substituted by `cmy0' on input line 1348.
Package xcolor Info: Model `hsb' substituted by `rgb' on input line 1352.
Package xcolor Info: Model `RGB' extended on input line 1364.
Package xcolor Info: Model `HTML' substituted by `rgb' on input line 1366.
Package xcolor Info: Model `Hsb' substituted by `hsb' on input line 1367.
Package xcolor Info: Model `tHsb' substituted by `hsb' on input line 1368.
Package xcolor Info: Model `HSB' substituted by `hsb' on input line 1369.
Package xcolor Info: Model `Gray' substituted by `gray' on input line 1370.
Package xcolor Info: Model `wave' substituted by `hsb' on input line 1371.
) (d:/texlive/2019/texmf-dist/tex/generic/pgf/basiclayer/pgfcore.code.tex
Package: pgfcore 2019/02/02 v3.1.1 (3.1.1)
 (d:/texlive/2019/texmf-dist/tex/generic/pgf/math/pgfmath.code.tex (d:/texlive/2019/texmf-dist/tex/generic/pgf/math/pgfmathcalc.code.tex (d:/texlive/2019/texmf-dist/tex/generic/pgf/math/pgfmathutil.code.tex) (d:/texlive/2019/texmf-dist/tex/generic/pgf/math/pgfmathparser.code.tex
\pgfmath@dimen=\dimen128
\pgfmath@count=\count129
\pgfmath@box=\box33
\pgfmath@toks=\toks28
\pgfmath@stack@operand=\toks29
\pgfmath@stack@operation=\toks30
) (d:/texlive/2019/texmf-dist/tex/generic/pgf/math/pgfmathfunctions.code.tex (d:/texlive/2019/texmf-dist/tex/generic/pgf/math/pgfmathfunctions.basic.code.tex) (d:/texlive/2019/texmf-dist/tex/generic/pgf/math/pgfmathfunctions.trigonometric.code.tex) (d:/texlive/2019/texmf-dist/tex/generic/pgf/math/pgfmathfunctions.random.code.tex) (d:/texlive/2019/texmf-dist/tex/generic/pgf/math/pgfmathfunctions.comparison.code.tex) (d:/texlive/2019/texmf-dist/tex/generic/pgf/math/pgfmathfunctions.base.code.tex) (d:/texlive/2019/texmf-dist/tex/generic/pgf/math/pgfmathfunctions.round.code.tex) (d:/texlive/2019/texmf-dist/tex/generic/pgf/math/pgfmathfunctions.misc.code.tex) (d:/texlive/2019/texmf-dist/tex/generic/pgf/math/pgfmathfunctions.integerarithmetics.code.tex))) (d:/texlive/2019/texmf-dist/tex/generic/pgf/math/pgfmathfloat.code.tex
\c@pgfmathroundto@lastzeros=\count130
)) (d:/texlive/2019/texmf-dist/tex/generic/pgf/basiclayer/pgfcorepoints.code.tex
File: pgfcorepoints.code.tex 2019/02/02 v3.1.1 (3.1.1)
\pgf@picminx=\dimen129
\pgf@picmaxx=\dimen130
\pgf@picminy=\dimen131
\pgf@picmaxy=\dimen132
\pgf@pathminx=\dimen133
\pgf@pathmaxx=\dimen134
\pgf@pathminy=\dimen135
\pgf@pathmaxy=\dimen136
\pgf@xx=\dimen137
\pgf@xy=\dimen138
\pgf@yx=\dimen139
\pgf@yy=\dimen140
\pgf@zx=\dimen141
\pgf@zy=\dimen142
) (d:/texlive/2019/texmf-dist/tex/generic/pgf/basiclayer/pgfcorepathconstruct.code.tex
File: pgfcorepathconstruct.code.tex 2019/02/02 v3.1.1 (3.1.1)
\pgf@path@lastx=\dimen143
\pgf@path@lasty=\dimen144
) (d:/texlive/2019/texmf-dist/tex/generic/pgf/basiclayer/pgfcorepathusage.code.tex
File: pgfcorepathusage.code.tex 2019/02/02 v3.1.1 (3.1.1)
\pgf@shorten@end@additional=\dimen145
\pgf@shorten@start@additional=\dimen146
) (d:/texlive/2019/texmf-dist/tex/generic/pgf/basiclayer/pgfcorescopes.code.tex
File: pgfcorescopes.code.tex 2019/02/02 v3.1.1 (3.1.1)
\pgfpic=\box34
\pgf@hbox=\box35
\pgf@layerbox@main=\box36
\pgf@picture@serial@count=\count131
) (d:/texlive/2019/texmf-dist/tex/generic/pgf/basiclayer/pgfcoregraphicstate.code.tex
File: pgfcoregraphicstate.code.tex 2019/02/02 v3.1.1 (3.1.1)
\pgflinewidth=\dimen147
) (d:/texlive/2019/texmf-dist/tex/generic/pgf/basiclayer/pgfcoretransformations.code.tex
File: pgfcoretransformations.code.tex 2019/02/02 v3.1.1 (3.1.1)
\pgf@pt@x=\dimen148
\pgf@pt@y=\dimen149
\pgf@pt@temp=\dimen150
) (d:/texlive/2019/texmf-dist/tex/generic/pgf/basiclayer/pgfcorequick.code.tex
File: pgfcorequick.code.tex 2019/02/02 v3.1.1 (3.1.1)
) (d:/texlive/2019/texmf-dist/tex/generic/pgf/basiclayer/pgfcoreobjects.code.tex
File: pgfcoreobjects.code.tex 2019/02/02 v3.1.1 (3.1.1)
) (d:/texlive/2019/texmf-dist/tex/generic/pgf/basiclayer/pgfcorepathprocessing.code.tex
File: pgfcorepathprocessing.code.tex 2019/02/02 v3.1.1 (3.1.1)
) (d:/texlive/2019/texmf-dist/tex/generic/pgf/basiclayer/pgfcorearrows.code.tex
File: pgfcorearrows.code.tex 2019/02/02 v3.1.1 (3.1.1)
\pgfarrowsep=\dimen151
) (d:/texlive/2019/texmf-dist/tex/generic/pgf/basiclayer/pgfcoreshade.code.tex
File: pgfcoreshade.code.tex 2019/02/02 v3.1.1 (3.1.1)
\pgf@max=\dimen152
\pgf@sys@shading@range@num=\count132
) (d:/texlive/2019/texmf-dist/tex/generic/pgf/basiclayer/pgfcoreimage.code.tex
File: pgfcoreimage.code.tex 2019/02/02 v3.1.1 (3.1.1)
 (d:/texlive/2019/texmf-dist/tex/generic/pgf/basiclayer/pgfcoreexternal.code.tex
File: pgfcoreexternal.code.tex 2019/02/02 v3.1.1 (3.1.1)
\pgfexternal@startupbox=\box37
)) (d:/texlive/2019/texmf-dist/tex/generic/pgf/basiclayer/pgfcorelayers.code.tex
File: pgfcorelayers.code.tex 2019/02/02 v3.1.1 (3.1.1)
) (d:/texlive/2019/texmf-dist/tex/generic/pgf/basiclayer/pgfcoretransparency.code.tex
File: pgfcoretransparency.code.tex 2019/02/02 v3.1.1 (3.1.1)
) (d:/texlive/2019/texmf-dist/tex/generic/pgf/basiclayer/pgfcorepatterns.code.tex
File: pgfcorepatterns.code.tex 2019/02/02 v3.1.1 (3.1.1)
) (d:/texlive/2019/texmf-dist/tex/generic/pgf/basiclayer/pgfcorerdf.code.tex
File: pgfcorerdf.code.tex 2019/02/02 v3.1.1 (3.1.1)
))) (d:/texlive/2019/texmf-dist/tex/generic/pgf/modules/pgfmoduleshapes.code.tex
File: pgfmoduleshapes.code.tex 2019/02/02 v3.1.1 (3.1.1)
\pgfnodeparttextbox=\box38
) (d:/texlive/2019/texmf-dist/tex/generic/pgf/modules/pgfmoduleplot.code.tex
File: pgfmoduleplot.code.tex 2019/02/02 v3.1.1 (3.1.1)
) (d:/texlive/2019/texmf-dist/tex/latex/pgf/compatibility/pgfcomp-version-0-65.sty
Package: pgfcomp-version-0-65 2019/02/02 v3.1.1 (3.1.1)
\pgf@nodesepstart=\dimen153
\pgf@nodesepend=\dimen154
) (d:/texlive/2019/texmf-dist/tex/latex/pgf/compatibility/pgfcomp-version-1-18.sty
Package: pgfcomp-version-1-18 2019/02/02 v3.1.1 (3.1.1)
)) (d:/texlive/2019/texmf-dist/tex/latex/pgf/utilities/pgffor.sty (d:/texlive/2019/texmf-dist/tex/latex/pgf/utilities/pgfkeys.sty (d:/texlive/2019/texmf-dist/tex/generic/pgf/utilities/pgfkeys.code.tex)) (d:/texlive/2019/texmf-dist/tex/latex/pgf/math/pgfmath.sty (d:/texlive/2019/texmf-dist/tex/generic/pgf/math/pgfmath.code.tex)) (d:/texlive/2019/texmf-dist/tex/generic/pgf/utilities/pgffor.code.tex
Package: pgffor 2019/02/02 v3.1.1 (3.1.1)
 (d:/texlive/2019/texmf-dist/tex/generic/pgf/math/pgfmath.code.tex)
\pgffor@iter=\dimen155
\pgffor@skip=\dimen156
\pgffor@stack=\toks31
\pgffor@toks=\toks32
)) (d:/texlive/2019/texmf-dist/tex/generic/pgf/frontendlayer/tikz/tikz.code.tex
Package: tikz 2019/02/02 v3.1.1 (3.1.1)
 (d:/texlive/2019/texmf-dist/tex/generic/pgf/libraries/pgflibraryplothandlers.code.tex
File: pgflibraryplothandlers.code.tex 2019/02/02 v3.1.1 (3.1.1)
\pgf@plot@mark@count=\count133
\pgfplotmarksize=\dimen157
)
\tikz@lastx=\dimen158
\tikz@lasty=\dimen159
\tikz@lastxsaved=\dimen160
\tikz@lastysaved=\dimen161
\tikzleveldistance=\dimen162
\tikzsiblingdistance=\dimen163
\tikz@figbox=\box39
\tikz@figbox@bg=\box40
\tikz@tempbox=\box41
\tikz@tempbox@bg=\box42
\tikztreelevel=\count134
\tikznumberofchildren=\count135
\tikznumberofcurrentchild=\count136
\tikz@fig@count=\count137
 (d:/texlive/2019/texmf-dist/tex/generic/pgf/modules/pgfmodulematrix.code.tex
File: pgfmodulematrix.code.tex 2019/02/02 v3.1.1 (3.1.1)
\pgfmatrixcurrentrow=\count138
\pgfmatrixcurrentcolumn=\count139
\pgf@matrix@numberofcolumns=\count140
)
\tikz@expandcount=\count141
 (d:/texlive/2019/texmf-dist/tex/generic/pgf/frontendlayer/tikz/libraries/tikzlibrarytopaths.code.tex
File: tikzlibrarytopaths.code.tex 2019/02/02 v3.1.1 (3.1.1)
))) (d:/texlive/2019/texmf-dist/tex/latex/float/float.sty
Package: float 2001/11/08 v1.3d Float enhancements (AL)
\c@float@type=\count142
\float@exts=\toks33
\float@box=\box43
\@float@everytoks=\toks34
\@floatcapt=\box44
) (d:/texlive/2019/texmf-dist/tex/generic/pgf/frontendlayer/tikz/libraries/tikzlibraryarrows.code.tex
File: tikzlibraryarrows.code.tex 2019/02/02 v3.1.1 (3.1.1)
 (d:/texlive/2019/texmf-dist/tex/generic/pgf/libraries/pgflibraryarrows.code.tex
File: pgflibraryarrows.code.tex 2019/02/02 v3.1.1 (3.1.1)
\arrowsize=\dimen164
)) (d:/texlive/2019/texmf-dist/tex/generic/pgf/frontendlayer/tikz/libraries/tikzlibrarymatrix.code.tex
File: tikzlibrarymatrix.code.tex 2019/02/02 v3.1.1 (3.1.1)
) (d:/texlive/2019/texmf-dist/tex/generic/pgf/frontendlayer/tikz/libraries/tikzlibrarypositioning.code.tex
File: tikzlibrarypositioning.code.tex 2019/02/02 v3.1.1 (3.1.1)
) (d:/texlive/2019/texmf-dist/tex/generic/pgf/frontendlayer/tikz/libraries/tikzlibraryshapes.geometric.code.tex
File: tikzlibraryshapes.geometric.code.tex 2019/02/02 v3.1.1 (3.1.1)
 (d:/texlive/2019/texmf-dist/tex/generic/pgf/libraries/shapes/pgflibraryshapes.geometric.code.tex
File: pgflibraryshapes.geometric.code.tex 2019/02/02 v3.1.1 (3.1.1)
)) (d:/texlive/2019/texmf-dist/tex/generic/pgf/frontendlayer/tikz/libraries/tikzlibraryshapes.misc.code.tex
File: tikzlibraryshapes.misc.code.tex 2019/02/02 v3.1.1 (3.1.1)
 (d:/texlive/2019/texmf-dist/tex/generic/pgf/libraries/shapes/pgflibraryshapes.misc.code.tex
File: pgflibraryshapes.misc.code.tex 2019/02/02 v3.1.1 (3.1.1)
)) (d:/texlive/2019/texmf-dist/tex/generic/pgf/frontendlayer/tikz/libraries/tikzlibrarytrees.code.tex
File: tikzlibrarytrees.code.tex 2019/02/02 v3.1.1 (3.1.1)
) (d:/texlive/2019/texmf-dist/tex/latex/hyperref/hyperref.sty
Package: hyperref 2018/11/30 v6.88e Hypertext links for LaTeX
 (d:/texlive/2019/texmf-dist/tex/generic/oberdiek/hobsub-hyperref.sty
Package: hobsub-hyperref 2016/05/16 v1.14 Bundle oberdiek, subset hyperref (HO)
 (d:/texlive/2019/texmf-dist/tex/generic/oberdiek/hobsub-generic.sty
Package: hobsub-generic 2016/05/16 v1.14 Bundle oberdiek, subset generic (HO)
Package: hobsub 2016/05/16 v1.14 Construct package bundles (HO)
Package: infwarerr 2016/05/16 v1.4 Providing info/warning/error messages (HO)
Package: ltxcmds 2016/05/16 v1.23 LaTeX kernel commands for general use (HO)
Package: ifluatex 2016/05/16 v1.4 Provides the ifluatex switch (HO)
Package ifluatex Info: LuaTeX not detected.
Package: ifvtex 2016/05/16 v1.6 Detect VTeX and its facilities (HO)
Package ifvtex Info: VTeX not detected.
Package: intcalc 2016/05/16 v1.2 Expandable calculations with integers (HO)
Package: ifpdf 2018/09/07 v3.3 Provides the ifpdf switch
Package: etexcmds 2016/05/16 v1.6 Avoid name clashes with e-TeX commands (HO)
Package: kvsetkeys 2016/05/16 v1.17 Key value parser (HO)
Package: kvdefinekeys 2016/05/16 v1.4 Define keys (HO)
Package: pdftexcmds 2018/09/10 v0.29 Utility functions of pdfTeX for LuaTeX (HO)
Package pdftexcmds Info: LuaTeX not detected.
Package pdftexcmds Info: \pdf@primitive is available.
Package pdftexcmds Info: \pdf@ifprimitive is available.
Package pdftexcmds Info: \pdfdraftmode found.
Package: pdfescape 2016/05/16 v1.14 Implements pdfTeX's escape features (HO)
Package: bigintcalc 2016/05/16 v1.4 Expandable calculations on big integers (HO)
Package: bitset 2016/05/16 v1.2 Handle bit-vector datatype (HO)
Package: uniquecounter 2016/05/16 v1.3 Provide unlimited unique counter (HO)
)
Package hobsub Info: Skipping package `hobsub' (already loaded).
Package: letltxmacro 2016/05/16 v1.5 Let assignment for LaTeX macros (HO)
Package: hopatch 2016/05/16 v1.3 Wrapper for package hooks (HO)
Package: xcolor-patch 2016/05/16 xcolor patch
Package: atveryend 2016/05/16 v1.9 Hooks at the very end of document (HO)
Package atveryend Info: \enddocument detected (standard20110627).
Package: atbegshi 2016/06/09 v1.18 At begin shipout hook (HO)
Package: refcount 2016/05/16 v3.5 Data extraction from label references (HO)
Package: hycolor 2016/05/16 v1.8 Color options for hyperref/bookmark (HO)
) (d:/texlive/2019/texmf-dist/tex/generic/ifxetex/ifxetex.sty
Package: ifxetex 2010/09/12 v0.6 Provides ifxetex conditional
) (d:/texlive/2019/texmf-dist/tex/latex/oberdiek/auxhook.sty
Package: auxhook 2016/05/16 v1.4 Hooks for auxiliary files (HO)
) (d:/texlive/2019/texmf-dist/tex/latex/oberdiek/kvoptions.sty
Package: kvoptions 2016/05/16 v3.12 Key value format for package options (HO)
)
\@linkdim=\dimen165
\Hy@linkcounter=\count143
\Hy@pagecounter=\count144
 (d:/texlive/2019/texmf-dist/tex/latex/hyperref/pd1enc.def
File: pd1enc.def 2018/11/30 v6.88e Hyperref: PDFDocEncoding definition (HO)
Now handling font encoding PD1 ...
... no UTF-8 mapping file for font encoding PD1
)
\Hy@SavedSpaceFactor=\count145
 (d:/texlive/2019/texmf-dist/tex/latex/latexconfig/hyperref.cfg
File: hyperref.cfg 2002/06/06 v1.2 hyperref configuration of TeXLive
)
Package hyperref Info: Hyper figures OFF on input line 4519.
Package hyperref Info: Link nesting OFF on input line 4524.
Package hyperref Info: Hyper index ON on input line 4527.
Package hyperref Info: Plain pages OFF on input line 4534.
Package hyperref Info: Backreferencing OFF on input line 4539.
Package hyperref Info: Implicit mode ON; LaTeX internals redefined.
Package hyperref Info: Bookmarks ON on input line 4772.
\c@Hy@tempcnt=\count146
LaTeX Info: Redefining \url on input line 5125.
\XeTeXLinkMargin=\dimen166
\Fld@menulength=\count147
\Field@Width=\dimen167
\Fld@charsize=\dimen168
Package hyperref Info: Hyper figures OFF on input line 6380.
Package hyperref Info: Link nesting OFF on input line 6385.
Package hyperref Info: Hyper index ON on input line 6388.
Package hyperref Info: backreferencing OFF on input line 6395.
Package hyperref Info: Link coloring OFF on input line 6400.
Package hyperref Info: Link coloring with OCG OFF on input line 6405.
Package hyperref Info: PDF/A mode OFF on input line 6410.
LaTeX Info: Redefining \ref on input line 6450.
LaTeX Info: Redefining \pageref on input line 6454.
\Hy@abspage=\count148
\c@Item=\count149
\c@Hfootnote=\count150
)
Package hyperref Info: Driver (autodetected): hpdftex.
 (d:/texlive/2019/texmf-dist/tex/latex/hyperref/hpdftex.def
File: hpdftex.def 2018/11/30 v6.88e Hyperref driver for pdfTeX
\Fld@listcount=\count151
\c@bookmark@seq@number=\count152
 (d:/texlive/2019/texmf-dist/tex/latex/oberdiek/rerunfilecheck.sty
Package: rerunfilecheck 2016/05/16 v1.8 Rerun checks for auxiliary files (HO)
Package uniquecounter Info: New unique counter `rerunfilecheck' on input line 282.
)
\Hy@SectionHShift=\skip58
) (d:/texlive/2019/texmf-dist/tex/latex/oberdiek/hypcap.sty
Package: hypcap 2016/05/16 v1.12 Adjusting the anchors of captions (HO)
) (d:/texlive/2019/texmf-dist/tex/latex/caption/caption.sty
Package: caption 2018/10/06 v3.3-154 Customizing captions (AR)
 (d:/texlive/2019/texmf-dist/tex/latex/caption/caption3.sty
Package: caption3 2018/09/12 v1.8c caption3 kernel (AR)
Package caption3 Info: TeX engine: e-TeX on input line 64.
\captionmargin=\dimen169
\captionmargin@=\dimen170
\captionwidth=\dimen171
\caption@tempdima=\dimen172
\caption@indent=\dimen173
\caption@parindent=\dimen174
\caption@hangindent=\dimen175
)
\c@caption@flags=\count153
\c@ContinuedFloat=\count154
Package caption Info: float package is loaded.
Package caption Info: hyperref package is loaded.
Package caption Info: hypcap package is loaded.
Package caption Info: listings package is loaded.
) (c:/Users/沈子衿/iCloudDrive/Documents/大三下/数据挖掘导论/DataMiningAssignment/hw2/hw2_report/hw2_report.aux

LaTeX Warning: Label `figure1' multiply defined.

)
\openout1 = `hw2_report.aux'.

LaTeX Font Info:    Checking defaults for OML/cmm/m/it on input line 189.
LaTeX Font Info:    ... okay on input line 189.
LaTeX Font Info:    Checking defaults for T1/cmr/m/n on input line 189.
LaTeX Font Info:    ... okay on input line 189.
LaTeX Font Info:    Checking defaults for OT1/cmr/m/n on input line 189.
LaTeX Font Info:    ... okay on input line 189.
LaTeX Font Info:    Checking defaults for OMS/cmsy/m/n on input line 189.
LaTeX Font Info:    ... okay on input line 189.
LaTeX Font Info:    Checking defaults for OMX/cmex/m/n on input line 189.
LaTeX Font Info:    ... okay on input line 189.
LaTeX Font Info:    Checking defaults for U/cmr/m/n on input line 189.
LaTeX Font Info:    ... okay on input line 189.
LaTeX Font Info:    Checking defaults for PD1/pdf/m/n on input line 189.
LaTeX Font Info:    ... okay on input line 189.
LaTeX Font Info:    Try loading font information for OT1+ptm on input line 189.
 (d:/texlive/2019/texmf-dist/tex/latex/psnfss/ot1ptm.fd
File: ot1ptm.fd 2001/06/04 font definitions for OT1/ptm.
) (d:/texlive/2019/texmf-dist/tex/context/base/mkii/supp-pdf.mkii
[Loading MPS to PDF converter (version 2006.09.02).]
\scratchcounter=\count155
\scratchdimen=\dimen176
\scratchbox=\box45
\nofMPsegments=\count156
\nofMParguments=\count157
\everyMPshowfont=\toks35
\MPscratchCnt=\count158
\MPscratchDim=\dimen177
\MPnumerator=\count159
\makeMPintoPDFobject=\count160
\everyMPtoPDFconversion=\toks36
) (d:/texlive/2019/texmf-dist/tex/latex/oberdiek/epstopdf-base.sty
Package: epstopdf-base 2016/05/15 v2.6 Base part for package epstopdf
 (d:/texlive/2019/texmf-dist/tex/latex/oberdiek/grfext.sty
Package: grfext 2016/05/16 v1.2 Manage graphics extensions (HO)
)
Package epstopdf-base Info: Redefining graphics rule for `.eps' on input line 438.
Package grfext Info: Graphics extension search list:
(grfext)             [.pdf,.png,.jpg,.mps,.jpeg,.jbig2,.jb2,.PDF,.PNG,.JPG,.JPEG,.JBIG2,.JB2,.eps]
(grfext)             \AppendGraphicsExtensions on input line 456.
 (d:/texlive/2019/texmf-dist/tex/latex/latexconfig/epstopdf-sys.cfg
File: epstopdf-sys.cfg 2010/07/13 v1.3 Configuration of (r)epstopdf for TeX Live
))
\c@lstlisting=\count161
 ABD: EveryShipout initializing macros
\AtBeginShipoutBox=\box46
Package hyperref Info: Link coloring OFF on input line 189.
 (d:/texlive/2019/texmf-dist/tex/latex/hyperref/nameref.sty
Package: nameref 2016/05/21 v2.44 Cross-referencing by name of section
 (d:/texlive/2019/texmf-dist/tex/generic/oberdiek/gettitlestring.sty
Package: gettitlestring 2016/05/16 v1.5 Cleanup title references (HO)
)
\c@section@level=\count162
)
LaTeX Info: Redefining \ref on input line 189.
LaTeX Info: Redefining \pageref on input line 189.
LaTeX Info: Redefining \nameref on input line 189.
 (c:/Users/沈子衿/iCloudDrive/Documents/大三下/数据挖掘导论/DataMiningAssignment/hw2/hw2_report/hw2_report.out) (c:/Users/沈子衿/iCloudDrive/Documents/大三下/数据挖掘导论/DataMiningAssignment/hw2/hw2_report/hw2_report.out)
\@outlinefile=\write4
\openout4 = `hw2_report.out'.

Package caption Info: Begin \AtBeginDocument code.
Package caption Info: End \AtBeginDocument code.
LaTeX Font Info:    Try loading font information for U+lasy on input line 191.
 (d:/texlive/2019/texmf-dist/tex/latex/base/ulasy.fd
File: ulasy.fd 1998/08/17 v2.2e LaTeX symbol font definitions
)
Underfull \hbox (badness 10000) in paragraph at lines 191--191

 []

LaTeX Font Info:    Font shape `OT1/ptm/bx/n' in size <17.28> not available
(Font)              Font shape `OT1/ptm/b/n' tried instead on input line 191.
LaTeX Font Info:    Font shape `OT1/ptm/bx/n' in size <12> not available
(Font)              Font shape `OT1/ptm/b/n' tried instead on input line 196.
Package epstopdf Info: Source file: <assets/1_2.eps>
(epstopdf)                    date: 2019-05-27 03:04:22
(epstopdf)                    size: 30647 bytes
(epstopdf)             Output file: <assets/1_2-eps-converted-to.pdf>
(epstopdf)                    date: 2019-05-27 03:06:35
(epstopdf)                    size: 9900 bytes
(epstopdf)             Command: <repstopdf --outfile=assets/1_2-eps-converted-to.pdf assets/1_2.eps>
(epstopdf)             \includegraphics on input line 215.
Package epstopdf Info: Output file is already uptodate.
<assets/1_2-eps-converted-to.pdf, id=7, 421.575pt x 316.18124pt>
File: assets/1_2-eps-converted-to.pdf Graphic file (type pdf)
<use assets/1_2-eps-converted-to.pdf>
Package pdftex.def Info: assets/1_2-eps-converted-to.pdf  used on input line 215.
(pdftex.def)             Requested size: 295.10048pt x 221.32535pt.
Package epstopdf Info: Source file: <assets/1_1.eps>
(epstopdf)                    date: 2019-05-27 03:05:27
(epstopdf)                    size: 60725 bytes
(epstopdf)             Output file: <assets/1_1-eps-converted-to.pdf>
(epstopdf)                    date: 2019-05-27 03:06:37
(epstopdf)                    size: 17052 bytes
(epstopdf)             Command: <repstopdf --outfile=assets/1_1-eps-converted-to.pdf assets/1_1.eps>
(epstopdf)             \includegraphics on input line 215.
Package epstopdf Info: Output file is already uptodate.
<assets/1_1-eps-converted-to.pdf, id=8, 421.575pt x 316.18124pt>
File: assets/1_1-eps-converted-to.pdf Graphic file (type pdf)
<use assets/1_1-eps-converted-to.pdf>
Package pdftex.def Info: assets/1_1-eps-converted-to.pdf  used on input line 215.
(pdftex.def)             Requested size: 295.10048pt x 221.32535pt.
[1

{d:/texlive/2019/texmf-var/fonts/map/pdftex/updmap/pdftex.map} <c:/Users/沈子衿/iCloudDrive/Documents/大三下/数据挖掘导论/DataMiningAssignment/hw2/hw2_report/assets/1_2-eps-converted-to.pdf>]
Package epstopdf Info: Source file: <assets/2_1.eps>
(epstopdf)                    date: 2019-05-27 03:09:41
(epstopdf)                    size: 66064 bytes
(epstopdf)             Output file: <assets/2_1-eps-converted-to.pdf>
(epstopdf)                    date: 2019-05-27 03:13:10
(epstopdf)                    size: 19567 bytes
(epstopdf)             Command: <repstopdf --outfile=assets/2_1-eps-converted-to.pdf assets/2_1.eps>
(epstopdf)             \includegraphics on input line 219.
Package epstopdf Info: Output file is already uptodate.
<assets/2_1-eps-converted-to.pdf, id=27, 421.575pt x 316.18124pt>
File: assets/2_1-eps-converted-to.pdf Graphic file (type pdf)
<use assets/2_1-eps-converted-to.pdf>
Package pdftex.def Info: assets/2_1-eps-converted-to.pdf  used on input line 219.
(pdftex.def)             Requested size: 295.10048pt x 221.32535pt.
Package epstopdf Info: Source file: <assets/2_2.eps>
(epstopdf)                    date: 2019-05-27 03:10:53
(epstopdf)                    size: 61329 bytes
(epstopdf)             Output file: <assets/2_2-eps-converted-to.pdf>
(epstopdf)                    date: 2019-05-27 03:13:13
(epstopdf)                    size: 17894 bytes
(epstopdf)             Command: <repstopdf --outfile=assets/2_2-eps-converted-to.pdf assets/2_2.eps>
(epstopdf)             \includegraphics on input line 219.
Package epstopdf Info: Output file is already uptodate.
<assets/2_2-eps-converted-to.pdf, id=28, 421.575pt x 316.18124pt>
File: assets/2_2-eps-converted-to.pdf Graphic file (type pdf)
<use assets/2_2-eps-converted-to.pdf>
Package pdftex.def Info: assets/2_2-eps-converted-to.pdf  used on input line 219.
(pdftex.def)             Requested size: 295.10048pt x 221.32535pt.

Underfull \vbox (badness 10000) has occurred while \output is active []

 [2 <c:/Users/沈子衿/iCloudDrive/Documents/大三下/数据挖掘导论/DataMiningAssignment/hw2/hw2_report/assets/1_1-eps-converted-to.pdf>] [3 <c:/Users/沈子衿/iCloudDrive/Documents/大三下/数据挖掘导论/DataMiningAssignment/hw2/hw2_report/assets/2_1-eps-converted-to.pdf> <c:/Users/沈子衿/iCloudDrive/Documents/大三下/数据挖掘导论/DataMiningAssignment/hw2/hw2_report/assets/2_2-eps-converted-to.pdf>]
Package epstopdf Info: Source file: <assets/3_1.eps>
(epstopdf)                    date: 2019-05-27 04:40:26
(epstopdf)                    size: 62321 bytes
(epstopdf)             Output file: <assets/3_1-eps-converted-to.pdf>
(epstopdf)                    date: 2019-05-27 04:45:51
(epstopdf)                    size: 18091 bytes
(epstopdf)             Command: <repstopdf --outfile=assets/3_1-eps-converted-to.pdf assets/3_1.eps>
(epstopdf)             \includegraphics on input line 223.
Package epstopdf Info: Output file is already uptodate.
<assets/3_1-eps-converted-to.pdf, id=61, 421.575pt x 316.18124pt>
File: assets/3_1-eps-converted-to.pdf Graphic file (type pdf)
<use assets/3_1-eps-converted-to.pdf>
Package pdftex.def Info: assets/3_1-eps-converted-to.pdf  used on input line 223.
(pdftex.def)             Requested size: 295.10048pt x 221.32535pt.
Package epstopdf Info: Source file: <assets/3_2.eps>
(epstopdf)                    date: 2019-05-27 04:40:53
(epstopdf)                    size: 59791 bytes
(epstopdf)             Output file: <assets/3_2-eps-converted-to.pdf>
(epstopdf)                    date: 2019-05-27 04:45:55
(epstopdf)                    size: 17257 bytes
(epstopdf)             Command: <repstopdf --outfile=assets/3_2-eps-converted-to.pdf assets/3_2.eps>
(epstopdf)             \includegraphics on input line 223.
Package epstopdf Info: Output file is already uptodate.
<assets/3_2-eps-converted-to.pdf, id=62, 421.575pt x 316.18124pt>
File: assets/3_2-eps-converted-to.pdf Graphic file (type pdf)
<use assets/3_2-eps-converted-to.pdf>
Package pdftex.def Info: assets/3_2-eps-converted-to.pdf  used on input line 223.
(pdftex.def)             Requested size: 295.10048pt x 221.32535pt.
 [4 <c:/Users/沈子衿/iCloudDrive/Documents/大三下/数据挖掘导论/DataMiningAssignment/hw2/hw2_report/assets/3_1-eps-converted-to.pdf> <c:/Users/沈子衿/iCloudDrive/Documents/大三下/数据挖掘导论/DataMiningAssignment/hw2/hw2_report/assets/3_2-eps-converted-to.pdf>]
Package epstopdf Info: Source file: <assets/4_1.eps>
(epstopdf)                    date: 2019-05-27 04:57:01
(epstopdf)                    size: 43855 bytes
(epstopdf)             Output file: <assets/4_1-eps-converted-to.pdf>
(epstopdf)                    date: 2019-05-27 04:59:54
(epstopdf)                    size: 13821 bytes
(epstopdf)             Command: <repstopdf --outfile=assets/4_1-eps-converted-to.pdf assets/4_1.eps>
(epstopdf)             \includegraphics on input line 227.
Package epstopdf Info: Output file is already uptodate.
<assets/4_1-eps-converted-to.pdf, id=80, 421.575pt x 316.18124pt>
File: assets/4_1-eps-converted-to.pdf Graphic file (type pdf)
<use assets/4_1-eps-converted-to.pdf>
Package pdftex.def Info: assets/4_1-eps-converted-to.pdf  used on input line 227.
(pdftex.def)             Requested size: 295.10048pt x 221.32535pt.
Package epstopdf Info: Source file: <assets/4_2.eps>
(epstopdf)                    date: 2019-05-27 04:57:49
(epstopdf)                    size: 60260 bytes
(epstopdf)             Output file: <assets/4_2-eps-converted-to.pdf>
(epstopdf)                    date: 2019-05-27 04:59:57
(epstopdf)                    size: 16362 bytes
(epstopdf)             Command: <repstopdf --outfile=assets/4_2-eps-converted-to.pdf assets/4_2.eps>
(epstopdf)             \includegraphics on input line 227.
Package epstopdf Info: Output file is already uptodate.
<assets/4_2-eps-converted-to.pdf, id=81, 421.575pt x 316.18124pt>
File: assets/4_2-eps-converted-to.pdf Graphic file (type pdf)
<use assets/4_2-eps-converted-to.pdf>
Package pdftex.def Info: assets/4_2-eps-converted-to.pdf  used on input line 227.
(pdftex.def)             Requested size: 295.10048pt x 221.32535pt.
 [5 <c:/Users/沈子衿/iCloudDrive/Documents/大三下/数据挖掘导论/DataMiningAssignment/hw2/hw2_report/assets/4_1-eps-converted-to.pdf> <c:/Users/沈子衿/iCloudDrive/Documents/大三下/数据挖掘导论/DataMiningAssignment/hw2/hw2_report/assets/4_2-eps-converted-to.pdf>] [6]
Package atveryend Info: Empty hook `BeforeClearDocument' on input line 261.
Package atveryend Info: Empty hook `AfterLastShipout' on input line 261.
 (c:/Users/沈子衿/iCloudDrive/Documents/大三下/数据挖掘导论/DataMiningAssignment/hw2/hw2_report/hw2_report.aux)
Package atveryend Info: Executing hook `AtVeryEndDocument' on input line 261.
Package atveryend Info: Executing hook `AtEndAfterFileList' on input line 261.
Package rerunfilecheck Info: File `hw2_report.out' has not changed.
(rerunfilecheck)             Checksum: D41D8CD98F00B204E9800998ECF8427E;0.


LaTeX Warning: There were multiply-defined labels.

Package atveryend Info: Empty hook `AtVeryVeryEnd' on input line 261.
 ) 
Here is how much of TeX's memory you used:
 19896 strings out of 492623
 377849 string characters out of 6133290
 456180 words of memory out of 5000000
 23432 multiletter control sequences out of 15000+600000
 16038 words of font info for 40 fonts, out of 8000000 for 9000
 1141 hyphenation exceptions out of 8191
 55i,7n,56p,503b,568s stack positions out of 5000i,500n,10000p,200000b,80000s
{d:/texlive/2019/texmf-dist/fonts/enc/dvips/base/8r.enc}<d:/texlive/2019/texmf-dist/fonts/type1/public/amsfonts/cm/cmmi12.pfb><d:/texlive/2019/texmf-dist/fonts/type1/urw/times/utmb8a.pfb><d:/texlive/2019/texmf-dist/fonts/type1/urw/times/utmr8a.pfb><d:/texlive/2019/texmf-dist/fonts/type1/urw/times/utmr8a.pfb><d:/texlive/2019/texmf-dist/fonts/type1/urw/times/utmri8a.pfb>
Output written on c:/Users/沈子衿/iCloudDrive/Documents/大三下/数据挖掘导论/DataMiningAssignment/hw2/hw2_report/hw2_report.pdf (6 pages, 168449 bytes).
PDF statistics:
 148 PDF objects out of 1000 (max. 8388607)
 117 compressed objects within 2 object streams
 40 named destinations out of 1000 (max. 500000)
 53 words of extra memory for PDF output out of 10000 (max. 10000000)

